0 silly argv {
0 silly argv   _: [ 'create' ],
0 silly argv   lernaVersion: '8.0.0',
0 silly argv   '$0': '..\\..\\nodejs\\node_modules\\lerna\\dist\\cli.js',
0 silly argv   name: 'c'
0 silly argv }
1 notice cli v8.0.0
2 verbose packageConfigs Resolving packages based on package.json "workspaces" configuration.
3 verbose rootPath C:\Program Files\IdeaProjects\microfront
4 error Error: canceled
4 error     at Interface.<anonymous> (C:\Program Files\IdeaProjects\microfront\node_modules\read\lib\read.js:79:15)
4 error     at Interface.emit (node:events:514:28)
4 error     at [_ttyWrite] [as _ttyWrite] (node:internal/readline/interface:1125:18)
4 error     at ReadStream.onkeypress (node:internal/readline/interface:264:20)
4 error     at ReadStream.emit (node:events:514:28)
4 error     at emitKeys (node:internal/readline/utils:371:14)
4 error     at emitKeys.next (<anonymous>)
4 error     at ReadStream.onData (node:internal/readline/emitKeypressEvents:64:36)
4 error     at ReadStream.emit (node:events:514:28)
4 error     at addChunk (node:internal/streams/readable:376:12)
4 error     at readableAddChunk (node:internal/streams/readable:349:9)
4 error     at Readable.push (node:internal/streams/readable:286:10)
